# JRE version: OpenJDK Runtime Environment (15.0.2+7) (build 15.0.2+7-27)
# Java VM: OpenJDK 64-Bit Server VM (15.0.2+7-27, mixed mode, tiered, compressed oops, g1 gc, windows-amd64)
GC Precious Log:
 CPUs: 8 total, 8 available
 Memory: 8109M
 Large Page Support: Disabled
 NUMA Support: Disabled
 Compressed Oops: Enabled (32-bit)
 Heap Region Size: 1M
 Heap Min Capacity: 8M
 Heap Initial Capacity: 128M
 Heap Max Capacity: 2028M
 Pre-touch: Disabled
 Parallel Workers: 8
 Concurrent Workers: 2
 Concurrent Refinement Workers: 8
 Periodic GC: Disabled
Heap:
 garbage-first heap   total 131072K, used 77878K [0x0000000081400000, 0x0000000100000000)
  region size 1024K, 45 young (46080K), 5 survivors (5120K)
 Metaspace       used 16972K, capacity 17139K, committed 17408K, reserved 1071104K
  class space    used 1697K, capacity 1760K, committed 1792K, reserved 1048576K
GC Heap History (6 events):
Event: 4.984 GC heap before
{Heap before GC invocations=0 (full 0):
 garbage-first heap   total 131072K, used 32768K [0x0000000081400000, 0x0000000100000000)
  region size 1024K, 24 young (24576K), 0 survivors (0K)
 Metaspace       used 15888K, capacity 16033K, committed 16256K, reserved 1071104K
  class space    used 1563K, capacity 1626K, committed 1664K, reserved 1048576K
}
Event: 4.998 GC heap after
{Heap after GC invocations=1 (full 0):
 garbage-first heap   total 131072K, used 24078K [0x0000000081400000, 0x0000000100000000)
  region size 1024K, 3 young (3072K), 3 survivors (3072K)
 Metaspace       used 15888K, capacity 16033K, committed 16256K, reserved 1071104K
  class space    used 1563K, capacity 1626K, committed 1664K, reserved 1048576K
}
Event: 5.052 GC heap before
{Heap before GC invocations=1 (full 0):
 garbage-first heap   total 131072K, used 37390K [0x0000000081400000, 0x0000000100000000)
  region size 1024K, 17 young (17408K), 3 survivors (3072K)
 Metaspace       used 16011K, capacity 16193K, committed 16256K, reserved 1071104K
  class space    used 1592K, capacity 1658K, committed 1664K, reserved 1048576K
}
Event: 5.060 GC heap after
{Heap after GC invocations=2 (full 0):
 garbage-first heap   total 131072K, used 32520K [0x0000000081400000, 0x0000000100000000)
  region size 1024K, 3 young (3072K), 3 survivors (3072K)
 Metaspace       used 16011K, capacity 16193K, committed 16256K, reserved 1071104K
  class space    used 1592K, capacity 1658K, committed 1664K, reserved 1048576K
}
Event: 5.182 GC heap before
{Heap before GC invocations=2 (full 0):
 garbage-first heap   total 131072K, used 64264K [0x0000000081400000, 0x0000000100000000)
  region size 1024K, 34 young (34816K), 3 survivors (3072K)
 Metaspace       used 16491K, capacity 16612K, committed 16896K, reserved 1071104K
  class space    used 1634K, capacity 1691K, committed 1792K, reserved 1048576K
}
Event: 5.196 GC heap after
{Heap after GC invocations=3 (full 0):
 garbage-first heap   total 131072K, used 38966K [0x0000000081400000, 0x0000000100000000)
  region size 1024K, 5 young (5120K), 5 survivors (5120K)
 Metaspace       used 16491K, capacity 16612K, committed 16896K, reserved 1071104K
  class space    used 1634K, capacity 1691K, committed 1792K, reserved 1048576K
}

